<?xml version="1.0" encoding="UTF-8"?>
<coverage generated="1711438972078" clover="3.2.0">
  <project timestamp="1711438972078" name="All files">
    <metrics statements="10" coveredstatements="8" conditionals="4" coveredconditionals="2" methods="3" coveredmethods="3" elements="17" coveredelements="13" complexity="0" loc="10" ncloc="10" packages="2" files="3" classes="3"/>
    <package name="jest-covergae">
      <metrics statements="4" coveredstatements="3" conditionals="2" coveredconditionals="1" methods="1" coveredmethods="1"/>
      <file name="hello.js" path="/Users/rino.nishimura/Works/Personal/Projects/jest-covergae/hello.js">
        <metrics statements="4" coveredstatements="3" conditionals="2" coveredconditionals="1" methods="1" coveredmethods="1"/>
        <line num="3" count="1" type="cond" truecount="1" falsecount="1"/>
        <line num="4" count="0" type="stmt"/>
        <line num="6" count="1" type="stmt"/>
        <line num="10" count="1" type="stmt"/>
      </file>
    </package>
    <package name="jest-covergae.frontend.src">
      <metrics statements="6" coveredstatements="5" conditionals="2" coveredconditionals="1" methods="2" coveredmethods="2"/>
      <file name="sub.js" path="/Users/rino.nishimura/Works/Personal/Projects/jest-covergae/frontend/src/sub.js">
        <metrics statements="4" coveredstatements="3" conditionals="2" coveredconditionals="1" methods="1" coveredmethods="1"/>
        <line num="2" count="1" type="cond" truecount="1" falsecount="1"/>
        <line num="3" count="0" type="stmt"/>
        <line num="5" count="1" type="stmt"/>
        <line num="7" count="1" type="stmt"/>
      </file>
      <file name="sum.js" path="/Users/rino.nishimura/Works/Personal/Projects/jest-covergae/frontend/src/sum.js">
        <metrics statements="2" coveredstatements="2" conditionals="0" coveredconditionals="0" methods="1" coveredmethods="1"/>
        <line num="2" count="3" type="stmt"/>
        <line num="4" count="1" type="stmt"/>
      </file>
    </package>
  </project>
</coverage>
